<?xml version="1.0" encoding="UTF-8"?>
<!-- Generated by org.testng.reporters.JUnitReportReporter -->
<testsuite hostname="MUM-LAP-409" failures="0" tests="1" name="ddf.testcases.TestA" time="7.975" errors="0" timestamp="30 Jun 2019 07:13:03 GMT" skipped="0">
  <testcase classname="ddf.testcases.TestA" name="TestA1" time="7.975"/>
</testsuite> <!-- ddf.testcases.TestA -->
