<?xml version="1.0" encoding="UTF-8"?>
<!-- Generated by org.testng.reporters.JUnitReportReporter -->
<testsuite hostname="MUM-LAP-409" failures="0" tests="3" name="ddf.testcases.TestB" time="0.006" errors="0" timestamp="30 Jun 2019 07:13:03 GMT" skipped="0">
  <testcase classname="ddf.testcases.TestB" name="TestB1" time="0.002"/>
  <testcase classname="ddf.testcases.TestB" name="TestB2" time="0.002"/>
  <testcase classname="ddf.testcases.TestB" name="TestB3" time="0.002"/>
</testsuite> <!-- ddf.testcases.TestB -->
