<?xml version="1.0" encoding="UTF-8"?>
<!-- Generated by org.testng.reporters.JUnitReportReporter -->
<testsuite hostname="MUM-LAP-409" failures="0" tests="1" name="ddf.testcases.TestA" time="0.034" errors="0" timestamp="21 Jul 2019 06:33:26 GMT" skipped="0">
  <testcase classname="ddf.testcases.TestA" name="TestA2" time="0.034"/>
</testsuite> <!-- ddf.testcases.TestA -->
